<?xml version="1.0" encoding="UTF-8"?>
<!-- Generated by org.testng.reporters.JUnitXMLReporter -->
<testsuite hostname="Pk" name="Default test" tests="5" failures="0" timestamp="6 May 2017 17:27:50 GMT" time="25.935" errors="0">
  <testcase name="checkTheAntiHack_Scenario_4" time="2.121" classname="com.klindziuk.regulartest.RegularTest"/>
  <testcase name="checkTheContactUsPageFaceBookImageLink_Scenario_2" time="8.037" classname="com.klindziuk.regulartest.RegularTest"/>
  <testcase name="checkTheErrorPage_Scenario_5" time="3.136" classname="com.klindziuk.regulartest.RegularTest"/>
  <testcase name="checkTheFaceBookPage_Scenario_3" time="10.741" classname="com.klindziuk.regulartest.RegularTest"/>
  <testcase name="checkTheMainPage_Scenario_1" time="1.842" classname="com.klindziuk.regulartest.RegularTest"/>
</testsuite> <!-- Default test -->
