<?xml version="1.0" encoding="UTF-8"?>
<!-- Generated by org.testng.reporters.JUnitXMLReporter -->
<testsuite hostname="Pk" name="BackgroundTest" tests="5" failures="0" timestamp="5 May 2017 14:47:04 GMT" time="22.705" errors="0">
  <testcase name="checkTheAntiHack_Scenario_4" time="2.754" classname="com.klindziuk.regulartest.RegularTest"/>
  <testcase name="checkTheContactUsPageFaceBookImageLink_Scenario_2" time="5.342" classname="com.klindziuk.regulartest.RegularTest"/>
  <testcase name="checkTheErrorPage_Scenario_5" time="3.176" classname="com.klindziuk.regulartest.RegularTest"/>
  <testcase name="checkTheFaceBookPage_Scenario_3" time="9.566" classname="com.klindziuk.regulartest.RegularTest"/>
  <testcase name="checkTheMainPage_Scenario_1" time="1.827" classname="com.klindziuk.regulartest.RegularTest"/>
</testsuite> <!-- BackgroundTest -->
