<?xml version="1.0" encoding="UTF-8"?>
<testng-results skipped="5" failed="0" total="5" passed="0">
  <reporter-output>
  </reporter-output>
  <suite name="BehaveSuite" duration-ms="40" started-at="2017-05-06T17:20:35Z" finished-at="2017-05-06T17:20:35Z">
    <groups>
    </groups>
    <test name="BackgroundTest" duration-ms="40" started-at="2017-05-06T17:20:35Z" finished-at="2017-05-06T17:20:35Z">
      <class name="com.klindziuk.regulartest.RegularTest">
        <test-method status="FAIL" signature="beforeSuite()[pri:0, instance:com.klindziuk.regulartest.RegularTest@6fadae5d]" name="beforeSuite" is-config="true" duration-ms="0" started-at="2017-05-06T20:20:34Z" finished-at="2017-05-06T20:20:34Z">
          <exception class="java.lang.NoSuchMethodError">
            <message>
              <![CDATA[com.google.common.base.Preconditions.checkState(ZLjava/lang/String;Ljava/lang/Object;Ljava/lang/Object;Ljava/lang/Object;)V]]>
            </message>
            <full-stacktrace>
              <![CDATA[java.lang.NoSuchMethodError: com.google.common.base.Preconditions.checkState(ZLjava/lang/String;Ljava/lang/Object;Ljava/lang/Object;Ljava/lang/Object;)V
	at org.openqa.selenium.remote.service.DriverService.findExecutable(DriverService.java:111)
	at org.openqa.selenium.chrome.ChromeDriverService.access$000(ChromeDriverService.java:32)
	at org.openqa.selenium.chrome.ChromeDriverService$Builder.findDefaultExecutable(ChromeDriverService.java:137)
	at org.openqa.selenium.remote.service.DriverService$Builder.build(DriverService.java:302)
	at org.openqa.selenium.chrome.ChromeDriverService.createDefaultService(ChromeDriverService.java:88)
	at org.openqa.selenium.chrome.ChromeDriver.<init>(ChromeDriver.java:156)
	at com.klindziuk.util.BrowserDriver.selectDriver(BrowserDriver.java:25)
	at com.klindziuk.regulartest.RegularTest.beforeSuite(RegularTest.java:28)
	at sun.reflect.NativeMethodAccessorImpl.invoke0(Native Method)
	at sun.reflect.NativeMethodAccessorImpl.invoke(NativeMethodAccessorImpl.java:62)
	at sun.reflect.DelegatingMethodAccessorImpl.invoke(DelegatingMethodAccessorImpl.java:43)
	at java.lang.reflect.Method.invoke(Method.java:497)
	at org.testng.internal.MethodInvocationHelper.invokeMethod(MethodInvocationHelper.java:80)
	at org.testng.internal.Invoker.invokeConfigurationMethod(Invoker.java:564)
	at org.testng.internal.Invoker.invokeConfigurations(Invoker.java:213)
	at org.testng.internal.Invoker.invokeConfigurations(Invoker.java:138)
	at org.testng.SuiteRunner.privateRun(SuiteRunner.java:277)
	at org.testng.SuiteRunner.run(SuiteRunner.java:240)
	at org.testng.SuiteRunnerWorker.runSuite(SuiteRunnerWorker.java:51)
	at org.testng.SuiteRunnerWorker.run(SuiteRunnerWorker.java:85)
	at org.testng.TestNG.runSuitesSequentially(TestNG.java:1197)
	at org.testng.TestNG.runSuitesLocally(TestNG.java:1122)
	at org.testng.TestNG.run(TestNG.java:1030)
	at org.apache.maven.surefire.testng.TestNGExecutor.run(TestNGExecutor.java:178)
	at org.apache.maven.surefire.testng.TestNGXmlTestSuite.execute(TestNGXmlTestSuite.java:92)
	at org.apache.maven.surefire.testng.TestNGProvider.invoke(TestNGProvider.java:96)
	at sun.reflect.NativeMethodAccessorImpl.invoke0(Native Method)
	at sun.reflect.NativeMethodAccessorImpl.invoke(NativeMethodAccessorImpl.java:62)
	at sun.reflect.DelegatingMethodAccessorImpl.invoke(DelegatingMethodAccessorImpl.java:43)
	at java.lang.reflect.Method.invoke(Method.java:497)
	at org.apache.maven.surefire.util.ReflectionUtils.invokeMethodWithArray2(ReflectionUtils.java:208)
	at org.apache.maven.surefire.booter.ProviderFactory$ProviderProxy.invoke(ProviderFactory.java:159)
	at org.apache.maven.surefire.booter.ProviderFactory.invokeProvider(ProviderFactory.java:87)
	at org.apache.maven.surefire.booter.ForkedBooter.runSuitesInProcess(ForkedBooter.java:153)
	at org.apache.maven.surefire.booter.ForkedBooter.main(ForkedBooter.java:95)
]]>
            </full-stacktrace>
          </exception> <!-- java.lang.NoSuchMethodError -->
          <reporter-output>
          </reporter-output>
        </test-method> <!-- beforeSuite -->
        <test-method status="SKIP" signature="checkTheAntiHack_Scenario_4()[pri:0, instance:com.klindziuk.regulartest.RegularTest@6fadae5d]" name="checkTheAntiHack_Scenario_4" duration-ms="1" started-at="2017-05-06T20:20:35Z" finished-at="2017-05-06T20:20:35Z">
          <reporter-output>
          </reporter-output>
        </test-method> <!-- checkTheAntiHack_Scenario_4 -->
        <test-method status="SKIP" signature="checkTheContactUsPageFaceBookImageLink_Scenario_2()[pri:0, instance:com.klindziuk.regulartest.RegularTest@6fadae5d]" name="checkTheContactUsPageFaceBookImageLink_Scenario_2" duration-ms="1" started-at="2017-05-06T20:20:35Z" finished-at="2017-05-06T20:20:35Z">
          <reporter-output>
          </reporter-output>
        </test-method> <!-- checkTheContactUsPageFaceBookImageLink_Scenario_2 -->
        <test-method status="SKIP" signature="checkTheErrorPage_Scenario_5()[pri:0, instance:com.klindziuk.regulartest.RegularTest@6fadae5d]" name="checkTheErrorPage_Scenario_5" duration-ms="1" started-at="2017-05-06T20:20:35Z" finished-at="2017-05-06T20:20:35Z">
          <reporter-output>
          </reporter-output>
        </test-method> <!-- checkTheErrorPage_Scenario_5 -->
        <test-method status="SKIP" signature="checkTheFaceBookPage_Scenario_3()[pri:0, instance:com.klindziuk.regulartest.RegularTest@6fadae5d]" name="checkTheFaceBookPage_Scenario_3" duration-ms="1" started-at="2017-05-06T20:20:35Z" finished-at="2017-05-06T20:20:35Z">
          <reporter-output>
          </reporter-output>
        </test-method> <!-- checkTheFaceBookPage_Scenario_3 -->
        <test-method status="SKIP" signature="checkTheMainPage_Scenario_1()[pri:0, instance:com.klindziuk.regulartest.RegularTest@6fadae5d]" name="checkTheMainPage_Scenario_1" duration-ms="0" started-at="2017-05-06T20:20:35Z" finished-at="2017-05-06T20:20:35Z">
          <reporter-output>
          </reporter-output>
        </test-method> <!-- checkTheMainPage_Scenario_1 -->
        <test-method status="SKIP" signature="afterSuite()[pri:0, instance:com.klindziuk.regulartest.RegularTest@6fadae5d]" name="afterSuite" is-config="true" duration-ms="0" started-at="2017-05-06T20:20:35Z" finished-at="2017-05-06T20:20:35Z">
          <reporter-output>
          </reporter-output>
        </test-method> <!-- afterSuite -->
      </class> <!-- com.klindziuk.regulartest.RegularTest -->
    </test> <!-- BackgroundTest -->
  </suite> <!-- BehaveSuite -->
</testng-results>
