<?xml version="1.0" encoding="UTF-8"?>
<testng-results skipped="0" failed="0" total="1" passed="1">
  <reporter-output>
  </reporter-output>
  <suite name="Default suite" duration-ms="44686" started-at="2017-05-07T09:17:02Z" finished-at="2017-05-07T09:17:47Z">
    <groups>
    </groups>
    <test name="Default test" duration-ms="44686" started-at="2017-05-07T09:17:02Z" finished-at="2017-05-07T09:17:47Z">
      <class name="com.klindziuk.JBehave.story.ProtestingStory">
        <test-method status="PASS" signature="run()[pri:0, instance:com.klindziuk.JBehave.story.ProtestingStory@1794d431]" name="run" duration-ms="44643" started-at="2017-05-07T12:17:02Z" finished-at="2017-05-07T12:17:47Z">
          <reporter-output>
          </reporter-output>
        </test-method> <!-- run -->
      </class> <!-- com.klindziuk.JBehave.story.ProtestingStory -->
    </test> <!-- Default test -->
  </suite> <!-- Default suite -->
</testng-results>
