<?xml version="1.0" encoding="UTF-8"?>
<!-- Generated by org.testng.reporters.JUnitXMLReporter -->
<testsuite hostname="Pk" name="BackgroundTest" tests="5" failures="0" timestamp="6 May 2017 17:20:35 GMT" time="0.04" errors="0">
  <testcase name="@BeforeSuite beforeSuite" time="0.0" classname="com.klindziuk.regulartest.RegularTest">
    <failure type="java.lang.NoSuchMethodError" message="com.google.common.base.Preconditions.checkState(ZLjava/lang/String;Ljava/lang/Object;Ljava/lang/Object;Ljava/lang/Object;)V">
      <![CDATA[java.lang.NoSuchMethodError: com.google.common.base.Preconditions.checkState(ZLjava/lang/String;Ljava/lang/Object;Ljava/lang/Object;Ljava/lang/Object;)V
	at org.openqa.selenium.remote.service.DriverService.findExecutable(DriverService.java:111)
	at org.openqa.selenium.chrome.ChromeDriverService.access$000(ChromeDriverService.java:32)
	at org.openqa.selenium.chrome.ChromeDriverService$Builder.findDefaultExecutable(ChromeDriverService.java:137)
	at org.openqa.selenium.remote.service.DriverService$Builder.build(DriverService.java:302)
	at org.openqa.selenium.chrome.ChromeDriverService.createDefaultService(ChromeDriverService.java:88)
	at org.openqa.selenium.chrome.ChromeDriver.<init>(ChromeDriver.java:156)
	at com.klindziuk.util.BrowserDriver.selectDriver(BrowserDriver.java:25)
	at com.klindziuk.regulartest.RegularTest.beforeSuite(RegularTest.java:28)
	at org.apache.maven.surefire.testng.TestNGExecutor.run(TestNGExecutor.java:178)
	at org.apache.maven.surefire.testng.TestNGXmlTestSuite.execute(TestNGXmlTestSuite.java:92)
	at org.apache.maven.surefire.testng.TestNGProvider.invoke(TestNGProvider.java:96)
	at org.apache.maven.surefire.util.ReflectionUtils.invokeMethodWithArray2(ReflectionUtils.java:208)
	at org.apache.maven.surefire.booter.ProviderFactory$ProviderProxy.invoke(ProviderFactory.java:159)
	at org.apache.maven.surefire.booter.ProviderFactory.invokeProvider(ProviderFactory.java:87)
	at org.apache.maven.surefire.booter.ForkedBooter.runSuitesInProcess(ForkedBooter.java:153)
	at org.apache.maven.surefire.booter.ForkedBooter.main(ForkedBooter.java:95)
... Removed 19 stack frames]]>
    </failure>
  </testcase> <!-- @BeforeSuite beforeSuite -->
  <testcase name="checkTheAntiHack_Scenario_4" time="0.001" classname="com.klindziuk.regulartest.RegularTest">
    <skipped/>
  </testcase> <!-- checkTheAntiHack_Scenario_4 -->
  <testcase name="checkTheContactUsPageFaceBookImageLink_Scenario_2" time="0.001" classname="com.klindziuk.regulartest.RegularTest">
    <skipped/>
  </testcase> <!-- checkTheContactUsPageFaceBookImageLink_Scenario_2 -->
  <testcase name="checkTheErrorPage_Scenario_5" time="0.001" classname="com.klindziuk.regulartest.RegularTest">
    <skipped/>
  </testcase> <!-- checkTheErrorPage_Scenario_5 -->
  <testcase name="checkTheFaceBookPage_Scenario_3" time="0.001" classname="com.klindziuk.regulartest.RegularTest">
    <skipped/>
  </testcase> <!-- checkTheFaceBookPage_Scenario_3 -->
  <testcase name="checkTheMainPage_Scenario_1" time="0.0" classname="com.klindziuk.regulartest.RegularTest">
    <skipped/>
  </testcase> <!-- checkTheMainPage_Scenario_1 -->
</testsuite> <!-- BackgroundTest -->
